Seq	Host	Starttime	JobRuntime	Send	Receive	Exitval	Signal	Command
5	:	1716431941.121	     0.271	0	7	0	0	req 5
3	:	1716431941.119	     0.276	0	7	0	0	req 3
2	:	1716431941.118	     0.612	0	7	0	0	req 2
6	:	1716431941.394	     0.350	0	7	0	0	req 6
7	:	1716431941.396	     0.389	0	7	0	0	req 7
4	:	1716431941.120	     0.684	0	7	0	0	req 4
1	:	1716431941.117	     0.698	0	7	0	0	req 1
8	:	1716431941.747	     0.222	0	7	0	0	req 8
9	:	1716431941.756	     0.230	0	7	0	0	req 9
10	:	1716431941.803	     0.281	0	7	0	0	req 10
11	:	1716431941.815	     0.276	0	7	0	0	req 11
13	:	1716431942.011	     0.194	0	7	0	0	req 13
14	:	1716431942.016	     0.195	0	7	0	0	req 14
12	:	1716431941.828	     0.480	0	7	0	0	req 12
17	:	1716431942.212	     0.228	0	7	0	0	req 17
15	:	1716431942.090	     0.358	0	7	0	0	req 15
16	:	1716431942.099	     0.365	0	7	0	0	req 16
18	:	1716431942.220	     0.282	0	7	0	0	req 18
20	:	1716431942.454	     0.289	0	7	0	0	req 20
19	:	1716431942.447	     0.335	0	7	0	0	req 19
23	:	1716431942.514	     0.340	0	7	0	0	req 23
21	:	1716431942.464	     0.502	0	7	0	0	req 21
22	:	1716431942.478	     0.491	0	7	0	0	req 22
24	:	1716431942.749	     0.325	0	7	0	0	req 24
25	:	1716431942.866	     0.394	0	7	0	0	req 25
26	:	1716431942.874	     0.407	0	7	0	0	req 26
27	:	1716431942.979	     0.328	0	7	0	0	req 27
28	:	1716431943.001	     0.370	0	7	0	0	req 28
29	:	1716431943.090	     0.297	0	7	0	0	req 29
30	:	1716431943.308	     0.220	0	7	0	0	req 30
31	:	1716431943.311	     0.332	0	7	0	0	req 31
32	:	1716431943.315	     0.342	0	7	0	0	req 32
33	:	1716431943.383	     0.321	0	7	0	0	req 33
34	:	1716431943.403	     0.327	0	7	0	0	req 34
35	:	1716431943.551	     0.206	0	7	0	0	req 35
36	:	1716431943.654	     0.198	0	7	0	0	req 36
37	:	1716431943.662	     0.230	0	7	0	0	req 37
39	:	1716431943.742	     0.282	0	7	0	0	req 39
38	:	1716431943.722	     0.395	0	7	0	0	req 38
40	:	1716431943.768	     0.350	0	7	0	0	req 40
42	:	1716431943.899	     0.286	0	7	0	0	req 42
41	:	1716431943.867	     0.332	0	7	0	0	req 41
43	:	1716431944.034	     0.194	0	7	0	0	req 43
44	:	1716431944.122	     0.184	0	7	0	0	req 44
45	:	1716431944.128	     0.257	0	7	0	0	req 45
46	:	1716431944.200	     0.328	0	7	0	0	req 46
48	:	1716431944.237	     0.332	0	7	0	0	req 48
47	:	1716431944.208	     0.375	0	7	0	0	req 47
49	:	1716431944.328	     0.290	0	7	0	0	req 49
50	:	1716431944.400	     0.243	0	7	0	0	req 50
51	:	1716431944.535	     0.191	0	7	0	0	req 51
52	:	1716431944.578	     0.236	0	7	0	0	req 52
53	:	1716431944.595	     0.292	0	7	0	0	req 53
54	:	1716431944.635	     0.339	0	7	0	0	req 54
55	:	1716431944.657	     0.338	0	7	0	0	req 55
56	:	1716431944.747	     0.309	0	7	0	0	req 56
57	:	1716431944.822	     0.299	0	7	0	0	req 57
58	:	1716431944.892	     0.245	0	7	0	0	req 58
59	:	1716431944.987	     0.209	0	7	0	0	req 59
60	:	1716431945.048	     0.257	0	7	0	0	req 60
61	:	1716431945.065	     0.335	0	7	0	0	req 61
62	:	1716431945.136	     0.381	0	7	0	0	req 62
63	:	1716431945.149	     0.403	0	7	0	0	req 63
64	:	1716431945.207	     0.345	0	7	0	0	req 64
65	:	1716431945.362	     0.230	0	7	0	0	req 65
66	:	1716431945.406	     0.232	0	7	0	0	req 66
67	:	1716431945.574	     0.371	0	7	0	0	req 67
71	:	1716431945.653	     0.339	0	7	0	0	req 71
70	:	1716431945.634	     0.384	0	7	0	0	req 70
68	:	1716431945.579	     0.449	0	7	0	0	req 68
69	:	1716431945.589	     0.447	0	7	0	0	req 69
72	:	1716431945.953	     0.215	0	7	0	0	req 72
73	:	1716431946.003	     0.256	0	7	0	0	req 73
75	:	1716431946.036	     0.354	0	7	0	0	req 75
74	:	1716431946.027	     0.370	0	7	0	0	req 74
76	:	1716431946.047	     0.381	0	7	0	0	req 76
77	:	1716431946.175	     0.315	0	7	0	0	req 77
78	:	1716431946.276	     0.229	0	7	0	0	req 78
79	:	1716431946.396	     0.173	0	7	0	0	req 79
80	:	1716431946.401	     0.217	0	7	0	0	req 80
82	:	1716431946.505	     0.442	0	7	0	0	req 82
81	:	1716431946.489	     0.478	0	7	0	0	req 81
85	:	1716431946.631	     0.378	0	7	0	0	req 85
84	:	1716431946.581	     0.454	0	7	0	0	req 84
83	:	1716431946.522	     0.531	0	7	0	0	req 83
86	:	1716431946.949	     0.213	0	7	0	0	req 86
88	:	1716431947.023	     0.263	0	7	0	0	req 88
87	:	1716431946.976	     0.481	0	7	0	0	req 87
90	:	1716431947.074	     0.441	0	7	0	0	req 90
91	:	1716431947.173	     0.365	0	7	0	0	req 91
89	:	1716431947.061	     0.479	0	7	0	0	req 89
92	:	1716431947.300	     0.273	0	7	0	0	req 92
93	:	1716431947.513	     0.184	0	7	0	0	req 93
94	:	1716431947.520	     0.301	0	7	0	0	req 94
96	:	1716431947.573	     0.322	0	7	0	0	req 96
95	:	1716431947.558	     0.359	0	7	0	0	req 95
97	:	1716431947.590	     0.370	0	7	0	0	req 97
98	:	1716431947.715	     0.284	0	7	0	0	req 98
99	:	1716431947.822	     0.194	0	7	0	0	req 99
100	:	1716431947.903	     0.188	0	7	0	0	req 100
101	:	1716431947.971	     0.238	0	7	0	0	req 101
102	:	1716431947.979	     0.257	0	7	0	0	req 102
103	:	1716431948.032	     0.442	0	7	0	0	req 103
104	:	1716431948.043	     0.466	0	7	0	0	req 104
106	:	1716431948.221	     0.347	0	7	0	0	req 106
105	:	1716431948.102	     0.494	0	7	0	0	req 105
107	:	1716431948.241	     0.371	0	7	0	0	req 107
108	:	1716431948.479	     0.190	0	7	0	0	req 108
109	:	1716431948.521	     0.180	0	7	0	0	req 109
110	:	1716431948.621	     0.286	0	7	0	0	req 110
111	:	1716431948.628	     0.387	0	7	0	0	req 111
112	:	1716431948.634	     0.391	0	7	0	0	req 112
114	:	1716431948.717	     0.345	0	7	0	0	req 114
113	:	1716431948.684	     0.397	0	7	0	0	req 113
115	:	1716431948.921	     0.203	0	7	0	0	req 115
116	:	1716431949.022	     0.257	0	7	0	0	req 116
117	:	1716431949.032	     0.260	0	7	0	0	req 117
119	:	1716431949.100	     0.348	0	7	0	0	req 119
118	:	1716431949.076	     0.380	0	7	0	0	req 118
120	:	1716431949.149	     0.351	0	7	0	0	req 120
121	:	1716431949.292	     0.277	0	7	0	0	req 121
122	:	1716431949.323	     0.318	0	7	0	0	req 122
123	:	1716431949.455	     0.276	0	7	0	0	req 123
124	:	1716431949.461	     0.378	0	7	0	0	req 124
126	:	1716431949.601	     0.384	0	7	0	0	req 126
125	:	1716431949.527	     0.486	0	7	0	0	req 125
127	:	1716431949.651	     0.427	0	7	0	0	req 127
128	:	1716431949.749	     0.533	0	7	0	0	req 128
129	:	1716431949.847	     0.495	0	7	0	0	req 129
130	:	1716431950.020	     0.397	0	7	0	0	req 130
132	:	1716431950.090	     0.353	0	7	0	0	req 132
131	:	1716431950.030	     0.450	0	7	0	0	req 131
134	:	1716431950.348	     0.190	0	7	0	0	req 134
133	:	1716431950.285	     0.266	0	7	0	0	req 133
135	:	1716431950.445	     0.298	0	7	0	0	req 135
136	:	1716431950.447	     0.351	0	7	0	0	req 136
138	:	1716431950.549	     0.339	0	7	0	0	req 138
139	:	1716431950.559	     0.365	0	7	0	0	req 139
137	:	1716431950.492	     0.440	0	7	0	0	req 137
140	:	1716431950.748	     0.307	0	7	0	0	req 140
141	:	1716431950.808	     0.333	0	7	0	0	req 141
143	:	1716431950.933	     0.273	0	7	0	0	req 143
142	:	1716431950.892	     0.345	0	7	0	0	req 142
144	:	1716431950.941	     0.315	0	7	0	0	req 144
145	:	1716431951.064	     0.223	0	7	0	0	req 145
146	:	1716431951.175	     0.161	0	7	0	0	req 146
147	:	1716431951.259	     0.266	0	7	0	0	req 147
149	:	1716431951.266	     0.417	0	7	0	0	req 149
148	:	1716431951.263	     0.458	0	7	0	0	req 148
150	:	1716431951.303	     0.431	0	7	0	0	req 150
151	:	1716431951.351	     0.405	0	7	0	0	req 151
152	:	1716431951.526	     0.246	0	7	0	0	req 152
153	:	1716431951.688	     0.210	0	7	0	0	req 153
157	:	1716431951.782	     0.286	0	7	0	0	req 157
155	:	1716431951.743	     0.355	0	7	0	0	req 155
154	:	1716431951.734	     0.378	0	7	0	0	req 154
156	:	1716431951.771	     0.433	0	7	0	0	req 156
158	:	1716431951.908	     0.298	0	7	0	0	req 158
159	:	1716431952.077	     0.244	0	7	0	0	req 159
160	:	1716431952.105	     0.289	0	7	0	0	req 160
161	:	1716431952.127	     0.365	0	7	0	0	req 161
163	:	1716431952.226	     0.332	0	7	0	0	req 163
162	:	1716431952.215	     0.377	0	7	0	0	req 162
164	:	1716431952.354	     0.270	0	7	0	0	req 164
165	:	1716431952.405	     0.266	0	7	0	0	req 165
166	:	1716431952.496	     0.210	0	7	0	0	req 166
168	:	1716431952.610	     0.430	0	7	0	0	req 168
167	:	1716431952.591	     0.490	0	7	0	0	req 167
169	:	1716431952.635	     0.447	0	7	0	0	req 169
170	:	1716431952.687	     0.457	0	7	0	0	req 170
171	:	1716431952.716	     0.428	0	7	0	0	req 171
172	:	1716431953.046	     0.194	0	7	0	0	req 172
174	:	1716431953.097	     0.242	0	7	0	0	req 174
173	:	1716431953.090	     0.298	0	7	0	0	req 173
176	:	1716431953.168	     0.326	0	7	0	0	req 176
175	:	1716431953.155	     0.374	0	7	0	0	req 175
177	:	1716431953.255	     0.300	0	7	0	0	req 177
178	:	1716431953.344	     0.243	0	7	0	0	req 178
179	:	1716431953.447	     0.300	0	7	0	0	req 179
180	:	1716431953.505	     0.273	0	7	0	0	req 180
183	:	1716431953.599	     0.255	0	7	0	0	req 183
181	:	1716431953.565	     0.319	0	7	0	0	req 181
182	:	1716431953.573	     0.345	0	7	0	0	req 182
184	:	1716431953.754	     0.301	0	7	0	0	req 184
185	:	1716431953.792	     0.281	0	7	0	0	req 185
186	:	1716431953.858	     0.397	0	7	0	0	req 186
187	:	1716431953.900	     0.434	0	7	0	0	req 187
188	:	1716431953.931	     0.414	0	7	0	0	req 188
189	:	1716431954.060	     0.357	0	7	0	0	req 189
190	:	1716431954.077	     0.342	0	7	0	0	req 190
191	:	1716431954.260	     0.199	0	7	0	0	req 191
192	:	1716431954.340	     0.225	0	7	0	0	req 192
193	:	1716431954.350	     0.263	0	7	0	0	req 193
194	:	1716431954.434	     0.427	0	7	0	0	req 194
195	:	1716431954.449	     0.524	0	7	0	0	req 195
196	:	1716431954.468	     0.506	0	7	0	0	req 196
198	:	1716431954.618	     0.398	0	7	0	0	req 198
197	:	1716431954.573	     0.457	0	7	0	0	req 197
199	:	1716431954.867	     0.197	0	7	0	0	req 199
200	:	1716431954.975	     0.370	0	7	0	0	req 200
201	:	1716431954.977	     0.417	0	7	0	0	req 201
202	:	1716431955.028	     0.514	0	7	0	0	req 202
204	:	1716431955.079	     0.638	0	7	0	0	req 204
203	:	1716431955.055	     0.681	0	7	0	0	req 203
205	:	1716431955.346	     0.434	0	7	0	0	req 205
206	:	1716431955.398	     0.507	0	7	0	0	req 206
207	:	1716431955.545	     0.373	0	7	0	0	req 207
208	:	1716431955.723	     0.305	0	7	0	0	req 208
209	:	1716431955.746	     0.320	0	7	0	0	req 209
210	:	1716431955.794	     0.319	0	7	0	0	req 210
211	:	1716431955.908	     0.236	0	7	0	0	req 211
212	:	1716431955.926	     0.239	0	7	0	0	req 212
213	:	1716431956.031	     0.226	0	7	0	0	req 213
214	:	1716431956.078	     0.198	0	7	0	0	req 214
215	:	1716431956.124	     0.233	0	7	0	0	req 215
217	:	1716431956.175	     0.462	0	7	0	0	req 217
216	:	1716431956.155	     0.523	0	7	0	0	req 216
218	:	1716431956.269	     0.458	0	7	0	0	req 218
219	:	1716431956.285	     0.481	0	7	0	0	req 219
220	:	1716431956.370	     0.407	0	7	0	0	req 220
221	:	1716431956.644	     0.307	0	7	0	0	req 221
225	:	1716431956.804	     0.338	0	7	0	0	req 225
224	:	1716431956.791	     0.393	0	7	0	0	req 224
222	:	1716431956.718	     0.467	0	7	0	0	req 222
223	:	1716431956.730	     0.476	0	7	0	0	req 223
226	:	1716431956.959	     0.329	0	7	0	0	req 226
227	:	1716431957.152	     0.223	0	7	0	0	req 227
228	:	1716431957.190	     0.284	0	7	0	0	req 228
230	:	1716431957.216	     0.289	0	7	0	0	req 230
229	:	1716431957.200	     0.373	0	7	0	0	req 229
231	:	1716431957.305	     0.391	0	7	0	0	req 231
232	:	1716431957.395	     0.302	0	7	0	0	req 232
233	:	1716431957.484	     0.245	0	7	0	0	req 233
234	:	1716431957.510	     0.275	0	7	0	0	req 234
235	:	1716431957.582	     0.229	0	7	0	0	req 235
236	:	1716431957.721	     0.403	0	7	0	0	req 236
238	:	1716431957.733	     0.391	0	7	0	0	req 238
239	:	1716431957.798	     0.380	0	7	0	0	req 239
240	:	1716431957.821	     0.360	0	7	0	0	req 240
237	:	1716431957.729	     0.464	0	7	0	0	req 237
241	:	1716431958.128	     0.162	0	7	0	0	req 241
242	:	1716431958.135	     0.236	0	7	0	0	req 242
244	:	1716431958.208	     0.375	0	7	0	0	req 244
243	:	1716431958.192	     0.567	0	7	0	0	req 243
247	:	1716431958.385	     0.601	0	7	0	0	req 247
246	:	1716431958.308	     0.685	0	7	0	0	req 246
245	:	1716431958.222	     0.798	0	7	0	0	req 245
248	:	1716431958.589	     0.489	0	7	0	0	req 248
249	:	1716431958.768	     0.332	0	7	0	0	req 249
250	:	1716431958.990	     0.187	0	7	0	0	req 250
251	:	1716431959.002	     0.303	0	7	0	0	req 251
252	:	1716431959.030	     0.309	0	7	0	0	req 252
254	:	1716431959.111	     0.379	0	7	0	0	req 254
253	:	1716431959.094	     0.484	0	7	0	0	req 253
255	:	1716431959.185	     0.466	0	7	0	0	req 255
256	:	1716431959.315	     0.463	0	7	0	0	req 256
258	:	1716431959.496	     0.284	0	7	0	0	req 258
257	:	1716431959.348	     0.441	0	7	0	0	req 257
259	:	1716431959.582	     0.233	0	7	0	0	req 259
260	:	1716431959.666	     0.206	0	7	0	0	req 260
262	:	1716431959.783	     0.286	0	7	0	0	req 262
261	:	1716431959.780	     0.311	0	7	0	0	req 261
265	:	1716431959.885	     0.296	0	7	0	0	req 265
264	:	1716431959.826	     0.365	0	7	0	0	req 264
263	:	1716431959.800	     0.407	0	7	0	0	req 263
266	:	1716431960.074	     0.237	0	7	0	0	req 266
267	:	1716431960.095	     0.343	0	7	0	0	req 267
268	:	1716431960.190	     0.271	0	7	0	0	req 268
271	:	1716431960.323	     0.348	0	7	0	0	req 271
269	:	1716431960.199	     0.573	0	7	0	0	req 269
272	:	1716431960.442	     0.356	0	7	0	0	req 272
270	:	1716431960.215	     0.596	0	7	0	0	req 270
273	:	1716431960.471	     0.384	0	7	0	0	req 273
274	:	1716431960.680	     0.228	0	7	0	0	req 274
275	:	1716431960.774	     0.269	0	7	0	0	req 275
276	:	1716431960.808	     0.248	0	7	0	0	req 276
277	:	1716431960.820	     0.286	0	7	0	0	req 277
278	:	1716431960.908	     0.269	0	7	0	0	req 278
279	:	1716431960.922	     0.258	0	7	0	0	req 279
280	:	1716431961.046	     0.266	0	7	0	0	req 280
281	:	1716431961.060	     0.305	0	7	0	0	req 281
282	:	1716431961.114	     0.302	0	7	0	0	req 282
283	:	1716431961.190	     0.267	0	7	0	0	req 283
284	:	1716431961.199	     0.343	0	7	0	0	req 284
286	:	1716431961.368	     0.285	0	7	0	0	req 286
285	:	1716431961.363	     0.307	0	7	0	0	req 285
287	:	1716431961.427	     0.361	0	7	0	0	req 287
289	:	1716431961.551	     0.257	0	7	0	0	req 289
288	:	1716431961.462	     0.401	0	7	0	0	req 288
290	:	1716431961.656	     0.263	0	7	0	0	req 290
291	:	1716431961.679	     0.252	0	7	0	0	req 291
292	:	1716431961.809	     0.345	0	7	0	0	req 292
293	:	1716431961.817	     0.346	0	7	0	0	req 293
294	:	1716431961.871	     0.319	0	7	0	0	req 294
295	:	1716431961.931	     0.301	0	7	0	0	req 295
296	:	1716431961.944	     0.351	0	7	0	0	req 296
297	:	1716431962.163	     0.298	0	7	0	0	req 297
298	:	1716431962.168	     0.302	0	7	0	0	req 298
299	:	1716431962.201	     0.319	0	7	0	0	req 299
300	:	1716431962.244	     0.305	0	7	0	0	req 300
301	:	1716431962.310	     0.261	0	7	0	0	req 301
302	:	1716431962.468	     0.250	0	7	0	0	req 302
303	:	1716431962.476	     0.310	0	7	0	0	req 303
304	:	1716431962.532	     0.339	0	7	0	0	req 304
305	:	1716431962.563	     0.426	0	7	0	0	req 305
306	:	1716431962.585	     0.432	0	7	0	0	req 306
307	:	1716431962.728	     0.289	0	7	0	0	req 307
308	:	1716431962.792	     0.251	0	7	0	0	req 308
309	:	1716431962.881	     0.223	0	7	0	0	req 309
310	:	1716431963.020	     0.230	0	7	0	0	req 310
311	:	1716431963.027	     0.335	0	7	0	0	req 311
313	:	1716431963.052	     0.398	0	7	0	0	req 313
312	:	1716431963.035	     0.482	0	7	0	0	req 312
314	:	1716431963.114	     0.412	0	7	0	0	req 314
315	:	1716431963.260	     0.315	0	7	0	0	req 315
316	:	1716431963.375	     0.252	0	7	0	0	req 316
317	:	1716431963.453	     0.200	0	7	0	0	req 317
318	:	1716431963.525	     0.260	0	7	0	0	req 318
319	:	1716431963.532	     0.379	0	7	0	0	req 319
320	:	1716431963.591	     0.335	0	7	0	0	req 320
322	:	1716431963.663	     0.306	0	7	0	0	req 322
321	:	1716431963.641	     0.342	0	7	0	0	req 321
323	:	1716431963.796	     0.236	0	7	0	0	req 323
324	:	1716431963.917	     0.533	0	7	0	0	req 324
325	:	1716431963.930	     0.549	0	7	0	0	req 325
327	:	1716431963.998	     0.509	0	7	0	0	req 327
326	:	1716431963.991	     0.528	0	7	0	0	req 326
328	:	1716431964.063	     0.480	0	7	0	0	req 328
329	:	1716431964.453	     0.162	0	7	0	0	req 329
330	:	1716431964.486	     0.218	0	7	0	0	req 330
331	:	1716431964.518	     0.323	0	7	0	0	req 331
333	:	1716431964.554	     0.450	0	7	0	0	req 333
332	:	1716431964.532	     0.473	0	7	0	0	req 332
334	:	1716431964.628	     0.421	0	7	0	0	req 334
335	:	1716431964.713	     0.388	0	7	0	0	req 335
336	:	1716431964.848	     0.273	0	7	0	0	req 336
338	:	1716431965.013	     0.242	0	7	0	0	req 338
337	:	1716431965.008	     0.270	0	7	0	0	req 337
339	:	1716431965.060	     0.325	0	7	0	0	req 339
340	:	1716431965.117	     0.414	0	7	0	0	req 340
341	:	1716431965.134	     0.398	0	7	0	0	req 341
343	:	1716431965.323	     0.246	0	7	0	0	req 343
342	:	1716431965.259	     0.345	0	7	0	0	req 342
344	:	1716431965.387	     0.232	0	7	0	0	req 344
345	:	1716431965.536	     0.164	0	7	0	0	req 345
346	:	1716431965.540	     0.194	0	7	0	0	req 346
347	:	1716431965.623	     0.243	0	7	0	0	req 347
348	:	1716431965.627	     0.395	0	7	0	0	req 348
349	:	1716431965.630	     0.429	0	7	0	0	req 349
350	:	1716431965.717	     0.415	0	7	0	0	req 350
352	:	1716431965.868	     0.270	0	7	0	0	req 352
351	:	1716431965.743	     0.405	0	7	0	0	req 351
353	:	1716431966.025	     0.253	0	7	0	0	req 353
354	:	1716431966.066	     0.424	0	7	0	0	req 354
357	:	1716431966.156	     0.374	0	7	0	0	req 357
355	:	1716431966.139	     0.401	0	7	0	0	req 355
356	:	1716431966.148	     0.394	0	7	0	0	req 356
358	:	1716431966.284	     0.281	0	7	0	0	req 358
359	:	1716431966.494	     0.199	0	7	0	0	req 359
360	:	1716431966.540	     0.275	0	7	0	0	req 360
361	:	1716431966.552	     0.340	0	7	0	0	req 361
362	:	1716431966.565	     0.371	0	7	0	0	req 362
363	:	1716431966.575	     0.430	0	7	0	0	req 363
364	:	1716431966.704	     0.331	0	7	0	0	req 364
365	:	1716431966.819	     0.276	0	7	0	0	req 365
366	:	1716431966.894	     0.213	0	7	0	0	req 366
367	:	1716431966.945	     0.197	0	7	0	0	req 367
369	:	1716431967.050	     0.157	0	7	0	0	req 369
368	:	1716431967.034	     0.216	0	7	0	0	req 368
371	:	1716431967.150	     0.301	0	7	0	0	req 371
370	:	1716431967.141	     0.320	0	7	0	0	req 370
372	:	1716431967.157	     0.365	0	7	0	0	req 372
374	:	1716431967.266	     0.282	0	7	0	0	req 374
373	:	1716431967.221	     0.328	0	7	0	0	req 373
375	:	1716431967.465	     0.253	0	7	0	0	req 375
376	:	1716431967.476	     0.243	0	7	0	0	req 376
377	:	1716431967.532	     0.332	0	7	0	0	req 377
378	:	1716431967.561	     0.335	0	7	0	0	req 378
379	:	1716431967.581	     0.351	0	7	0	0	req 379
380	:	1716431967.728	     0.246	0	7	0	0	req 380
381	:	1716431967.738	     0.269	0	7	0	0	req 381
383	:	1716431967.907	     0.184	0	7	0	0	req 383
382	:	1716431967.902	     0.232	0	7	0	0	req 382
384	:	1716431967.948	     0.276	0	7	0	0	req 384
385	:	1716431967.987	     0.259	0	7	0	0	req 385
386	:	1716431968.017	     0.384	0	7	0	0	req 386
387	:	1716431968.098	     0.305	0	7	0	0	req 387
388	:	1716431968.159	     0.291	0	7	0	0	req 388
390	:	1716431968.255	     0.245	0	7	0	0	req 390
389	:	1716431968.247	     0.272	0	7	0	0	req 389
391	:	1716431968.437	     0.276	0	7	0	0	req 391
393	:	1716431968.458	     0.360	0	7	0	0	req 393
392	:	1716431968.448	     0.373	0	7	0	0	req 392
395	:	1716431968.530	     0.364	0	7	0	0	req 395
394	:	1716431968.518	     0.388	0	7	0	0	req 394
396	:	1716431968.723	     0.238	0	7	0	0	req 396
397	:	1716431968.820	     0.435	0	7	0	0	req 397
399	:	1716431968.906	     0.388	0	7	0	0	req 399
398	:	1716431968.823	     0.476	0	7	0	0	req 398
401	:	1716431968.974	     0.362	0	7	0	0	req 401
400	:	1716431968.953	     0.393	0	7	0	0	req 400
402	:	1716431969.263	     0.200	0	7	0	0	req 402
403	:	1716431969.299	     0.348	0	7	0	0	req 403
404	:	1716431969.307	     0.350	0	7	0	0	req 404
405	:	1716431969.347	     0.360	0	7	0	0	req 405
406	:	1716431969.359	     0.367	0	7	0	0	req 406
407	:	1716431969.478	     0.269	0	7	0	0	req 407
408	:	1716431969.686	     0.213	0	7	0	0	req 408
409	:	1716431969.700	     0.375	0	7	0	0	req 409
410	:	1716431969.716	     0.411	0	7	0	0	req 410
412	:	1716431969.755	     0.382	0	7	0	0	req 412
413	:	1716431969.916	     0.298	0	7	0	0	req 413
411	:	1716431969.745	     0.514	0	7	0	0	req 411
414	:	1716431970.077	     0.188	0	7	0	0	req 414
415	:	1716431970.138	     0.338	0	7	0	0	req 415
416	:	1716431970.145	     0.345	0	7	0	0	req 416
417	:	1716431970.223	     0.335	0	7	0	0	req 417
419	:	1716431970.272	     0.287	0	7	0	0	req 419
418	:	1716431970.265	     0.314	0	7	0	0	req 418
420	:	1716431970.486	     0.182	0	7	0	0	req 420
421	:	1716431970.493	     0.220	0	7	0	0	req 421
422	:	1716431970.568	     0.347	0	7	0	0	req 422
424	:	1716431970.586	     0.350	0	7	0	0	req 424
423	:	1716431970.580	     0.379	0	7	0	0	req 423
425	:	1716431970.682	     0.307	0	7	0	0	req 425
426	:	1716431970.720	     0.290	0	7	0	0	req 426
428	:	1716431970.945	     0.217	0	7	0	0	req 428
427	:	1716431970.919	     0.266	0	7	0	0	req 427
429	:	1716431970.962	     0.310	0	7	0	0	req 429
431	:	1716431971.020	     0.293	0	7	0	0	req 431
430	:	1716431971.001	     0.332	0	7	0	0	req 430
432	:	1716431971.172	     0.255	0	7	0	0	req 432
433	:	1716431971.196	     0.248	0	7	0	0	req 433
434	:	1716431971.275	     0.399	0	7	0	0	req 434
435	:	1716431971.321	     0.390	0	7	0	0	req 435
436	:	1716431971.345	     0.381	0	7	0	0	req 436
438	:	1716431971.453	     0.277	0	7	0	0	req 438
437	:	1716431971.444	     0.345	0	7	0	0	req 437
439	:	1716431971.682	     0.210	0	7	0	0	req 439
442	:	1716431971.750	     0.285	0	7	0	0	req 442
440	:	1716431971.727	     0.463	0	7	0	0	req 440
441	:	1716431971.744	     0.447	0	7	0	0	req 441
443	:	1716431971.805	     0.409	0	7	0	0	req 443
444	:	1716431971.903	     0.363	0	7	0	0	req 444
445	:	1716431972.039	     0.239	0	7	0	0	req 445
446	:	1716431972.206	     0.176	0	7	0	0	req 446
448	:	1716431972.222	     0.281	0	7	0	0	req 448
447	:	1716431972.215	     0.344	0	7	0	0	req 447
450	:	1716431972.291	     0.302	0	7	0	0	req 450
449	:	1716431972.277	     0.368	0	7	0	0	req 449
451	:	1716431972.398	     0.306	0	7	0	0	req 451
452	:	1716431972.507	     0.286	0	7	0	0	req 452
453	:	1716431972.561	     0.338	0	7	0	0	req 453
454	:	1716431972.597	     0.372	0	7	0	0	req 454
455	:	1716431972.656	     0.324	0	7	0	0	req 455
456	:	1716431972.709	     0.270	0	7	0	0	req 456
457	:	1716431972.796	     0.213	0	7	0	0	req 457
458	:	1716431972.903	     0.152	0	7	0	0	req 458
460	:	1716431972.997	     0.342	0	7	0	0	req 460
462	:	1716431973.016	     0.366	0	7	0	0	req 462
459	:	1716431972.995	     0.426	0	7	0	0	req 459
463	:	1716431973.070	     0.353	0	7	0	0	req 463
461	:	1716431973.005	     0.425	0	7	0	0	req 461
464	:	1716431973.370	     0.205	0	7	0	0	req 464
465	:	1716431973.392	     0.321	0	7	0	0	req 465
466	:	1716431973.430	     0.365	0	7	0	0	req 466
468	:	1716431973.448	     0.401	0	7	0	0	req 468
467	:	1716431973.439	     0.411	0	7	0	0	req 467
469	:	1716431973.581	     0.351	0	7	0	0	req 469
470	:	1716431973.750	     0.226	0	7	0	0	req 470
471	:	1716431973.805	     0.201	0	7	0	0	req 471
473	:	1716431973.868	     0.308	0	7	0	0	req 473
472	:	1716431973.858	     0.397	0	7	0	0	req 472
474	:	1716431973.958	     0.536	0	7	0	0	req 474
476	:	1716431974.020	     0.502	0	7	0	0	req 476
475	:	1716431973.983	     0.560	0	7	0	0	req 475
477	:	1716431974.263	     0.312	0	7	0	0	req 477
478	:	1716431974.294	     0.373	0	7	0	0	req 478
479	:	1716431974.502	     0.192	0	7	0	0	req 479
480	:	1716431974.531	     0.256	0	7	0	0	req 480
481	:	1716431974.548	     0.314	0	7	0	0	req 481
482	:	1716431974.589	     0.490	0	7	0	0	req 482
483	:	1716431974.682	     0.442	0	7	0	0	req 483
484	:	1716431974.702	     0.453	0	7	0	0	req 484
485	:	1716431974.806	     0.371	0	7	0	0	req 485
486	:	1716431974.891	     0.368	0	7	0	0	req 486
487	:	1716431975.081	     0.215	0	7	0	0	req 487
488	:	1716431975.138	     0.290	0	7	0	0	req 488
489	:	1716431975.157	     0.320	0	7	0	0	req 489
490	:	1716431975.191	     0.388	0	7	0	0	req 490
492	:	1716431975.305	     0.283	0	7	0	0	req 492
491	:	1716431975.266	     0.332	0	7	0	0	req 491
493	:	1716431975.434	     0.203	0	7	0	0	req 493
494	:	1716431975.531	     0.397	0	7	0	0	req 494
495	:	1716431975.588	     0.425	0	7	0	0	req 495
496	:	1716431975.597	     0.419	0	7	0	0	req 496
497	:	1716431975.601	     0.422	0	7	0	0	req 497
498	:	1716431975.654	     0.401	0	7	0	0	req 498
499	:	1716431975.934	     0.223	0	7	0	0	req 499
500	:	1716431976.020	     0.348	0	7	0	0	req 500
501	:	1716431976.024	     0.427	0	7	0	0	req 501
503	:	1716431976.063	     0.416	0	7	0	0	req 503
502	:	1716431976.026	     0.535	0	7	0	0	req 502
504	:	1716431976.168	     0.394	0	7	0	0	req 504
505	:	1716431976.381	     0.243	0	7	0	0	req 505
506	:	1716431976.492	     0.224	0	7	0	0	req 506
507	:	1716431976.496	     0.223	0	7	0	0	req 507
508	:	1716431976.566	     0.296	0	7	0	0	req 508
509	:	1716431976.574	     0.316	0	7	0	0	req 509
510	:	1716431976.633	     0.275	0	7	0	0	req 510
511	:	1716431976.730	     0.249	0	7	0	0	req 511
512	:	1716431976.744	     0.278	0	7	0	0	req 512
513	:	1716431976.875	     0.273	0	7	0	0	req 513
514	:	1716431976.899	     0.400	0	7	0	0	req 514
515	:	1716431976.916	     0.397	0	7	0	0	req 515
516	:	1716431976.991	     0.411	0	7	0	0	req 516
517	:	1716431977.031	     0.373	0	7	0	0	req 517
519	:	1716431977.305	     0.237	0	7	0	0	req 519
518	:	1716431977.151	     0.401	0	7	0	0	req 518
520	:	1716431977.320	     0.315	0	7	0	0	req 520
522	:	1716431977.433	     0.375	0	7	0	0	req 522
521	:	1716431977.410	     0.411	0	7	0	0	req 521
524	:	1716431977.558	     0.300	0	7	0	0	req 524
523	:	1716431977.546	     0.440	0	7	0	0	req 523
525	:	1716431977.641	     0.378	0	7	0	0	req 525
527	:	1716431977.826	     0.242	0	7	0	0	req 527
526	:	1716431977.819	     0.266	0	7	0	0	req 526
528	:	1716431977.900	     0.211	0	7	0	0	req 528
529	:	1716431978.014	     0.156	0	7	0	0	req 529
530	:	1716431978.026	     0.213	0	7	0	0	req 530
531	:	1716431978.112	     0.245	0	7	0	0	req 531
533	:	1716431978.129	     0.342	0	7	0	0	req 533
532	:	1716431978.123	     0.389	0	7	0	0	req 532
535	:	1716431978.251	     0.310	0	7	0	0	req 535
534	:	1716431978.194	     0.424	0	7	0	0	req 534
536	:	1716431978.358	     0.323	0	7	0	0	req 536
538	:	1716431978.514	     0.230	0	7	0	0	req 538
537	:	1716431978.511	     0.256	0	7	0	0	req 537
539	:	1716431978.591	     0.234	0	7	0	0	req 539
540	:	1716431978.642	     0.217	0	7	0	0	req 540
541	:	1716431978.696	     0.250	0	7	0	0	req 541
542	:	1716431978.756	     0.280	0	7	0	0	req 542
543	:	1716431978.781	     0.272	0	7	0	0	req 543
544	:	1716431978.834	     0.242	0	7	0	0	req 544
545	:	1716431978.868	     0.269	0	7	0	0	req 545
546	:	1716431978.962	     0.346	0	7	0	0	req 546
547	:	1716431979.059	     0.313	0	7	0	0	req 547
548	:	1716431979.063	     0.365	0	7	0	0	req 548
550	:	1716431979.156	     0.275	0	7	0	0	req 550
549	:	1716431979.090	     0.369	0	7	0	0	req 549
551	:	1716431979.310	     0.199	0	7	0	0	req 551
552	:	1716431979.376	     0.177	0	7	0	0	req 552
553	:	1716431979.431	     0.319	0	7	0	0	req 553
554	:	1716431979.433	     0.360	0	7	0	0	req 554
555	:	1716431979.474	     0.456	0	7	0	0	req 555
556	:	1716431979.520	     0.444	0	7	0	0	req 556
557	:	1716431979.588	     0.394	0	7	0	0	req 557
559	:	1716431979.800	     0.222	0	7	0	0	req 559
558	:	1716431979.752	     0.282	0	7	0	0	req 558
560	:	1716431979.933	     0.202	0	7	0	0	req 560
561	:	1716431979.982	     0.303	0	7	0	0	req 561
562	:	1716431979.994	     0.319	0	7	0	0	req 562
563	:	1716431980.034	     0.348	0	7	0	0	req 563
565	:	1716431980.156	     0.259	0	7	0	0	req 565
564	:	1716431980.042	     0.388	0	7	0	0	req 564
566	:	1716431980.323	     0.213	0	7	0	0	req 566
567	:	1716431980.327	     0.264	0	7	0	0	req 567
568	:	1716431980.393	     0.288	0	7	0	0	req 568
570	:	1716431980.442	     0.320	0	7	0	0	req 570
569	:	1716431980.426	     0.336	0	7	0	0	req 569
571	:	1716431980.551	     0.273	0	7	0	0	req 571
573	:	1716431980.689	     0.176	0	7	0	0	req 573
572	:	1716431980.596	     0.291	0	7	0	0	req 572
575	:	1716431980.785	     0.184	0	7	0	0	req 575
574	:	1716431980.770	     0.355	0	7	0	0	req 574
578	:	1716431980.900	     0.593	0	7	0	0	req 578
577	:	1716431980.872	     0.634	0	7	0	0	req 577
576	:	1716431980.838	     0.684	0	7	0	0	req 576
579	:	1716431980.985	     0.586	0	7	0	0	req 579
580	:	1716431981.184	     0.417	0	7	0	0	req 580
581	:	1716431981.497	     0.176	0	7	0	0	req 581
582	:	1716431981.512	     0.276	0	7	0	0	req 582
583	:	1716431981.530	     0.268	0	7	0	0	req 583
584	:	1716431981.578	     0.297	0	7	0	0	req 584
585	:	1716431981.613	     0.328	0	7	0	0	req 585
586	:	1716431981.682	     0.402	0	7	0	0	req 586
587	:	1716431981.801	     0.336	0	7	0	0	req 587
588	:	1716431981.809	     0.388	0	7	0	0	req 588
590	:	1716431981.948	     0.305	0	7	0	0	req 590
589	:	1716431981.881	     0.381	0	7	0	0	req 589
591	:	1716431982.086	     0.223	0	7	0	0	req 591
592	:	1716431982.146	     0.198	0	7	0	0	req 592
593	:	1716431982.201	     0.167	0	7	0	0	req 593
595	:	1716431982.266	     0.318	0	7	0	0	req 595
594	:	1716431982.263	     0.435	0	7	0	0	req 594
596	:	1716431982.340	     0.404	0	7	0	0	req 596
597	:	1716431982.350	     0.411	0	7	0	0	req 597
598	:	1716431982.381	     0.430	0	7	0	0	req 598
599	:	1716431982.588	     0.224	0	7	0	0	req 599
600	:	1716431982.721	     0.249	0	7	0	0	req 600
603	:	1716431982.822	     0.313	0	7	0	0	req 603
601	:	1716431982.757	     0.417	0	7	0	0	req 601
604	:	1716431982.826	     0.364	0	7	0	0	req 604
602	:	1716431982.771	     0.430	0	7	0	0	req 602
605	:	1716431982.977	     0.249	0	7	0	0	req 605
606	:	1716431983.139	     0.410	0	7	0	0	req 606
607	:	1716431983.185	     0.432	0	7	0	0	req 607
610	:	1716431983.238	     0.404	0	7	0	0	req 610
608	:	1716431983.200	     0.463	0	7	0	0	req 608
609	:	1716431983.207	     0.470	0	7	0	0	req 609
611	:	1716431983.554	     0.160	0	7	0	0	req 611
612	:	1716431983.619	     0.199	0	7	0	0	req 612
614	:	1716431983.675	     0.314	0	7	0	0	req 614
613	:	1716431983.655	     0.380	0	7	0	0	req 613
615	:	1716431983.690	     0.346	0	7	0	0	req 615
616	:	1716431983.737	     0.332	0	7	0	0	req 616
617	:	1716431983.834	     0.328	0	7	0	0	req 617
618	:	1716431983.991	     0.367	0	7	0	0	req 618
619	:	1716431984.041	     0.324	0	7	0	0	req 619
620	:	1716431984.049	     0.435	0	7	0	0	req 620
622	:	1716431984.171	     0.460	0	7	0	0	req 622
621	:	1716431984.079	     0.566	0	7	0	0	req 621
623	:	1716431984.360	     0.301	0	7	0	0	req 623
624	:	1716431984.367	     0.312	0	7	0	0	req 624
625	:	1716431984.494	     0.259	0	7	0	0	req 625
626	:	1716431984.636	     0.200	0	7	0	0	req 626
627	:	1716431984.654	     0.332	0	7	0	0	req 627
628	:	1716431984.670	     0.391	0	7	0	0	req 628
630	:	1716431984.763	     0.381	0	7	0	0	req 630
629	:	1716431984.690	     0.463	0	7	0	0	req 629
631	:	1716431984.849	     0.362	0	7	0	0	req 631
632	:	1716431984.992	     0.273	0	7	0	0	req 632
633	:	1716431985.063	     0.210	0	7	0	0	req 633
634	:	1716431985.153	     0.217	0	7	0	0	req 634
635	:	1716431985.159	     0.240	0	7	0	0	req 635
636	:	1716431985.254	     0.263	0	7	0	0	req 636
637	:	1716431985.274	     0.282	0	7	0	0	req 637
639	:	1716431985.385	     0.263	0	7	0	0	req 639
638	:	1716431985.284	     0.386	0	7	0	0	req 638
640	:	1716431985.409	     0.325	0	7	0	0	req 640
641	:	1716431985.522	     0.250	0	7	0	0	req 641
642	:	1716431985.567	     0.235	0	7	0	0	req 642
644	:	1716431985.677	     0.238	0	7	0	0	req 644
643	:	1716431985.651	     0.266	0	7	0	0	req 643
645	:	1716431985.747	     0.321	0	7	0	0	req 645
646	:	1716431985.789	     0.332	0	7	0	0	req 646
647	:	1716431985.823	     0.463	0	7	0	0	req 647
648	:	1716431985.928	     0.361	0	7	0	0	req 648
649	:	1716431985.939	     0.393	0	7	0	0	req 649
650	:	1716431986.079	     0.273	0	7	0	0	req 650
651	:	1716431986.124	     0.250	0	7	0	0	req 651
652	:	1716431986.288	     0.182	0	7	0	0	req 652
653	:	1716431986.291	     0.201	0	7	0	0	req 653
654	:	1716431986.380	     0.294	0	7	0	0	req 654
655	:	1716431986.389	     0.335	0	7	0	0	req 655
656	:	1716431986.398	     0.444	0	7	0	0	req 656
658	:	1716431986.514	     0.498	0	7	0	0	req 658
657	:	1716431986.502	     0.547	0	7	0	0	req 657
659	:	1716431986.677	     0.467	0	7	0	0	req 659
661	:	1716431986.846	     0.358	0	7	0	0	req 661
660	:	1716431986.731	     0.483	0	7	0	0	req 660
662	:	1716431987.015	     0.273	0	7	0	0	req 662
663	:	1716431987.055	     0.279	0	7	0	0	req 663
664	:	1716431987.160	     0.234	0	7	0	0	req 664
665	:	1716431987.213	     0.279	0	7	0	0	req 665
666	:	1716431987.227	     0.275	0	7	0	0	req 666
667	:	1716431987.298	     0.376	0	7	0	0	req 667
668	:	1716431987.352	     0.328	0	7	0	0	req 668
669	:	1716431987.403	     0.305	0	7	0	0	req 669
670	:	1716431987.499	     0.297	0	7	0	0	req 670
671	:	1716431987.513	     0.299	0	7	0	0	req 671
673	:	1716431987.685	     0.253	0	7	0	0	req 673
672	:	1716431987.679	     0.284	0	7	0	0	req 672
674	:	1716431987.722	     0.317	0	7	0	0	req 674
676	:	1716431987.829	     0.296	0	7	0	0	req 676
675	:	1716431987.815	     0.320	0	7	0	0	req 675
677	:	1716431987.950	     0.282	0	7	0	0	req 677
678	:	1716431987.973	     0.297	0	7	0	0	req 678
679	:	1716431988.046	     0.226	0	7	0	0	req 679
680	:	1716431988.134	     0.304	0	7	0	0	req 680
681	:	1716431988.147	     0.291	0	7	0	0	req 681
682	:	1716431988.243	     0.305	0	7	0	0	req 682
684	:	1716431988.282	     0.269	0	7	0	0	req 684
683	:	1716431988.275	     0.297	0	7	0	0	req 683
686	:	1716431988.444	     0.246	0	7	0	0	req 686
685	:	1716431988.440	     0.256	0	7	0	0	req 685
687	:	1716431988.561	     0.230	0	7	0	0	req 687
688	:	1716431988.573	     0.292	0	7	0	0	req 688
689	:	1716431988.578	     0.337	0	7	0	0	req 689
690	:	1716431988.696	     0.305	0	7	0	0	req 690
691	:	1716431988.713	     0.289	0	7	0	0	req 691
692	:	1716431988.804	     0.245	0	7	0	0	req 692
694	:	1716431988.924	     0.233	0	7	0	0	req 694
693	:	1716431988.872	     0.286	0	7	0	0	req 693
695	:	1716431989.009	     0.256	0	7	0	0	req 695
696	:	1716431989.016	     0.264	0	7	0	0	req 696
697	:	1716431989.088	     0.250	0	7	0	0	req 697
699	:	1716431989.170	     0.460	0	7	0	0	req 699
698	:	1716431989.164	     0.476	0	7	0	0	req 698
701	:	1716431989.303	     0.456	0	7	0	0	req 701
702	:	1716431989.352	     0.431	0	7	0	0	req 702
700	:	1716431989.295	     0.498	0	7	0	0	req 700
704	:	1716431989.646	     0.257	0	7	0	0	req 704
703	:	1716431989.640	     0.274	0	7	0	0	req 703
705	:	1716431989.761	     0.194	0	7	0	0	req 705
707	:	1716431989.800	     0.236	0	7	0	0	req 707
706	:	1716431989.793	     0.332	0	7	0	0	req 706
708	:	1716431989.915	     0.223	0	7	0	0	req 708
709	:	1716431989.921	     0.282	0	7	0	0	req 709
710	:	1716431990.021	     0.246	0	7	0	0	req 710
711	:	1716431990.043	     0.276	0	7	0	0	req 711
712	:	1716431990.131	     0.348	0	7	0	0	req 712
713	:	1716431990.145	     0.394	0	7	0	0	req 713
714	:	1716431990.218	     0.335	0	7	0	0	req 714
715	:	1716431990.272	     0.291	0	7	0	0	req 715
716	:	1716431990.332	     0.289	0	7	0	0	req 716
717	:	1716431990.484	     0.174	0	7	0	0	req 717
718	:	1716431990.550	     0.256	0	7	0	0	req 718
719	:	1716431990.562	     0.322	0	7	0	0	req 719
720	:	1716431990.569	     0.345	0	7	0	0	req 720
722	:	1716431990.671	     0.295	0	7	0	0	req 722
721	:	1716431990.638	     0.338	0	7	0	0	req 721
723	:	1716431990.810	     0.241	0	7	0	0	req 723
724	:	1716431990.889	     0.196	0	7	0	0	req 724
725	:	1716431990.925	     0.212	0	7	0	0	req 725
726	:	1716431990.975	     0.350	0	7	0	0	req 726
727	:	1716431990.986	     0.463	0	7	0	0	req 727
730	:	1716431991.152	     0.342	0	7	0	0	req 730
728	:	1716431991.084	     0.411	0	7	0	0	req 728
729	:	1716431991.096	     0.424	0	7	0	0	req 729
731	:	1716431991.341	     0.184	0	7	0	0	req 731
732	:	1716431991.473	     0.182	0	7	0	0	req 732
733	:	1716431991.503	     0.530	0	7	0	0	req 733
735	:	1716431991.525	     0.524	0	7	0	0	req 735
734	:	1716431991.519	     0.536	0	7	0	0	req 734
736	:	1716431991.534	     0.535	0	7	0	0	req 736
737	:	1716431991.665	     0.407	0	7	0	0	req 737
738	:	1716431992.040	     0.240	0	7	0	0	req 738
739	:	1716431992.054	     0.310	0	7	0	0	req 739
740	:	1716431992.067	     0.342	0	7	0	0	req 740
742	:	1716431992.096	     0.347	0	7	0	0	req 742
741	:	1716431992.085	     0.379	0	7	0	0	req 741
743	:	1716431992.295	     0.227	0	7	0	0	req 743
744	:	1716431992.380	     0.342	0	7	0	0	req 744
745	:	1716431992.415	     0.463	0	7	0	0	req 745
746	:	1716431992.456	     0.474	0	7	0	0	req 746
747	:	1716431992.474	     0.486	0	7	0	0	req 747
748	:	1716431992.533	     0.441	0	7	0	0	req 748
749	:	1716431992.729	     0.259	0	7	0	0	req 749
750	:	1716431992.891	     0.233	0	7	0	0	req 750
751	:	1716431992.943	     0.361	0	7	0	0	req 751
752	:	1716431992.971	     0.365	0	7	0	0	req 752
753	:	1716431992.984	     0.354	0	7	0	0	req 753
754	:	1716431992.999	     0.369	0	7	0	0	req 754
755	:	1716431993.141	     0.251	0	7	0	0	req 755
756	:	1716431993.309	     0.167	0	7	0	0	req 756
757	:	1716431993.341	     0.250	0	7	0	0	req 757
758	:	1716431993.351	     0.276	0	7	0	0	req 758
760	:	1716431993.403	     0.356	0	7	0	0	req 760
761	:	1716431993.491	     0.269	0	7	0	0	req 761
759	:	1716431993.380	     0.390	0	7	0	0	req 759
762	:	1716431993.594	     0.234	0	7	0	0	req 762
763	:	1716431993.635	     0.233	0	7	0	0	req 763
764	:	1716431993.763	     0.236	0	7	0	0	req 764
765	:	1716431993.771	     0.305	0	7	0	0	req 765
766	:	1716431993.777	     0.314	0	7	0	0	req 766
767	:	1716431993.843	     0.351	0	7	0	0	req 767
768	:	1716431993.881	     0.315	0	7	0	0	req 768
769	:	1716431994.003	     0.244	0	7	0	0	req 769
770	:	1716431994.081	     0.226	0	7	0	0	req 770
771	:	1716431994.099	     0.302	0	7	0	0	req 771
772	:	1716431994.206	     0.244	0	7	0	0	req 772
773	:	1716431994.212	     0.311	0	7	0	0	req 773
775	:	1716431994.322	     0.259	0	7	0	0	req 775
774	:	1716431994.298	     0.294	0	7	0	0	req 774
776	:	1716431994.418	     0.253	0	7	0	0	req 776
777	:	1716431994.472	     0.333	0	7	0	0	req 777
778	:	1716431994.535	     0.357	0	7	0	0	req 778
779	:	1716431994.592	     0.379	0	7	0	0	req 779
780	:	1716431994.599	     0.374	0	7	0	0	req 780
781	:	1716431994.686	     0.293	0	7	0	0	req 781
782	:	1716431994.809	     0.335	0	7	0	0	req 782
783	:	1716431994.897	     0.292	0	7	0	0	req 783
785	:	1716431994.992	     0.251	0	7	0	0	req 785
784	:	1716431994.980	     0.289	0	7	0	0	req 784
786	:	1716431995.001	     0.310	0	7	0	0	req 786
787	:	1716431995.158	     0.243	0	7	0	0	req 787
788	:	1716431995.195	     0.296	0	7	0	0	req 788
789	:	1716431995.259	     0.302	0	7	0	0	req 789
790	:	1716431995.285	     0.297	0	7	0	0	req 790
791	:	1716431995.319	     0.275	0	7	0	0	req 791
792	:	1716431995.411	     0.243	0	7	0	0	req 792
793	:	1716431995.493	     0.205	0	7	0	0	req 793
794	:	1716431995.570	     0.258	0	7	0	0	req 794
797	:	1716431995.667	     0.359	0	7	0	0	req 797
795	:	1716431995.593	     0.442	0	7	0	0	req 795
796	:	1716431995.606	     0.440	0	7	0	0	req 796
798	:	1716431995.712	     0.376	0	7	0	0	req 798
799	:	1716431995.835	     0.254	0	7	0	0	req 799
800	:	1716431996.034	     0.248	0	7	0	0	req 800
802	:	1716431996.049	     0.371	0	7	0	0	req 802
801	:	1716431996.039	     0.404	0	7	0	0	req 801
804	:	1716431996.097	     0.356	0	7	0	0	req 804
803	:	1716431996.093	     0.394	0	7	0	0	req 803
805	:	1716431996.285	     0.259	0	7	0	0	req 805
806	:	1716431996.424	     0.174	0	7	0	0	req 806
807	:	1716431996.452	     0.261	0	7	0	0	req 807
808	:	1716431996.463	     0.289	0	7	0	0	req 808
809	:	1716431996.500	     0.322	0	7	0	0	req 809
810	:	1716431996.561	     0.309	0	7	0	0	req 810
811	:	1716431996.610	     0.275	0	7	0	0	req 811
812	:	1716431996.742	     0.215	0	7	0	0	req 812
813	:	1716431996.759	     0.228	0	7	0	0	req 813
814	:	1716431996.835	     0.218	0	7	0	0	req 814
816	:	1716431996.891	     0.243	0	7	0	0	req 816
815	:	1716431996.884	     0.258	0	7	0	0	req 815
818	:	1716431997.002	     0.419	0	7	0	0	req 818
817	:	1716431996.970	     0.453	0	7	0	0	req 817
819	:	1716431997.095	     0.345	0	7	0	0	req 819
820	:	1716431997.141	     0.365	0	7	0	0	req 820
821	:	1716431997.151	     0.359	0	7	0	0	req 821
822	:	1716431997.429	     0.213	0	7	0	0	req 822
823	:	1716431997.439	     0.453	0	7	0	0	req 823
824	:	1716431997.447	     0.463	0	7	0	0	req 824
825	:	1716431997.524	     0.490	0	7	0	0	req 825
827	:	1716431997.649	     0.376	0	7	0	0	req 827
826	:	1716431997.537	     0.493	0	7	0	0	req 826
828	:	1716431997.894	     0.293	0	7	0	0	req 828
829	:	1716431997.918	     0.299	0	7	0	0	req 829
830	:	1716431998.024	     0.284	0	7	0	0	req 830
832	:	1716431998.041	     0.284	0	7	0	0	req 832
831	:	1716431998.031	     0.324	0	7	0	0	req 831
833	:	1716431998.201	     0.226	0	7	0	0	req 833
834	:	1716431998.255	     0.208	0	7	0	0	req 834
835	:	1716431998.317	     0.286	0	7	0	0	req 835
836	:	1716431998.334	     0.310	0	7	0	0	req 836
838	:	1716431998.441	     0.250	0	7	0	0	req 838
837	:	1716431998.367	     0.348	0	7	0	0	req 837
839	:	1716431998.473	     0.284	0	7	0	0	req 839
840	:	1716431998.614	     0.190	0	7	0	0	req 840
841	:	1716431998.657	     0.220	0	7	0	0	req 841
842	:	1716431998.705	     0.226	0	7	0	0	req 842
843	:	1716431998.724	     0.236	0	7	0	0	req 843
844	:	1716431998.772	     0.320	0	7	0	0	req 844
845	:	1716431998.818	     0.314	0	7	0	0	req 845
846	:	1716431998.892	     0.409	0	7	0	0	req 846
847	:	1716431998.938	     0.370	0	7	0	0	req 847
848	:	1716431998.970	     0.379	0	7	0	0	req 848
850	:	1716431999.138	     0.253	0	7	0	0	req 850
849	:	1716431999.102	     0.305	0	7	0	0	req 849
851	:	1716431999.307	     0.152	0	7	0	0	req 851
852	:	1716431999.326	     0.243	0	7	0	0	req 852
853	:	1716431999.364	     0.319	0	7	0	0	req 853
854	:	1716431999.401	     0.410	0	7	0	0	req 854
855	:	1716431999.413	     0.404	0	7	0	0	req 855
856	:	1716431999.472	     0.387	0	7	0	0	req 856
857	:	1716431999.582	     0.290	0	7	0	0	req 857
858	:	1716431999.688	     0.217	0	7	0	0	req 858
860	:	1716431999.822	     1.040	0	7	0	0	req 860
859	:	1716431999.817	     1.081	0	7	0	0	req 859
861	:	1716431999.872	     1.233	0	7	0	0	req 861
862	:	1716431999.888	     1.312	0	7	0	0	req 862
863	:	1716431999.921	     1.279	0	7	0	0	req 863
864	:	1716432000.867	     0.717	0	7	0	0	req 864
865	:	1716432000.905	     0.680	0	7	0	0	req 865
867	:	1716432001.212	     0.839	0	7	0	0	req 867
866	:	1716432001.204	     0.891	0	7	0	0	req 866
868	:	1716432001.216	     0.879	0	7	0	0	req 868
869	:	1716432001.598	     0.524	0	7	0	0	req 869
870	:	1716432001.604	     0.528	0	7	0	0	req 870
871	:	1716432002.053	     1.179	0	7	0	0	req 871
875	:	1716432002.145	     1.112	0	7	0	0	req 875
873	:	1716432002.122	     1.143	0	7	0	0	req 873
872	:	1716432002.104	     1.177	0	7	0	0	req 872
874	:	1716432002.132	     1.167	0	7	0	0	req 874
876	:	1716432003.244	     0.246	0	7	0	0	req 876
877	:	1716432003.264	     0.335	0	7	0	0	req 877
878	:	1716432003.277	     0.378	0	7	0	0	req 878
880	:	1716432003.307	     0.373	0	7	0	0	req 880
879	:	1716432003.293	     0.397	0	7	0	0	req 879
881	:	1716432003.526	     0.220	0	7	0	0	req 881
882	:	1716432003.603	     0.184	0	7	0	0	req 882
883	:	1716432003.666	     0.226	0	7	0	0	req 883
884	:	1716432003.690	     0.273	0	7	0	0	req 884
885	:	1716432003.698	     0.295	0	7	0	0	req 885
886	:	1716432003.761	     0.292	0	7	0	0	req 886
887	:	1716432003.801	     0.300	0	7	0	0	req 887
888	:	1716432003.905	     0.230	0	7	0	0	req 888
889	:	1716432004.000	     0.309	0	7	0	0	req 889
890	:	1716432004.007	     0.314	0	7	0	0	req 890
891	:	1716432004.067	     0.319	0	7	0	0	req 891
893	:	1716432004.143	     0.303	0	7	0	0	req 893
892	:	1716432004.118	     0.361	0	7	0	0	req 892
894	:	1716432004.320	     0.202	0	7	0	0	req 894
895	:	1716432004.326	     0.237	0	7	0	0	req 895
896	:	1716432004.397	     0.224	0	7	0	0	req 896
897	:	1716432004.506	     0.218	0	7	0	0	req 897
898	:	1716432004.515	     0.302	0	7	0	0	req 898
899	:	1716432004.529	     0.316	0	7	0	0	req 899
900	:	1716432004.582	     0.341	0	7	0	0	req 900
901	:	1716432004.639	     0.296	0	7	0	0	req 901
902	:	1716432004.732	     0.225	0	7	0	0	req 902
903	:	1716432004.824	     0.216	0	7	0	0	req 903
904	:	1716432004.860	     0.224	0	7	0	0	req 904
905	:	1716432004.928	     0.239	0	7	0	0	req 905
906	:	1716432004.941	     0.243	0	7	0	0	req 906
907	:	1716432004.971	     0.291	0	7	0	0	req 907
909	:	1716432005.092	     0.388	0	7	0	0	req 909
908	:	1716432005.057	     0.437	0	7	0	0	req 908
912	:	1716432005.289	     0.279	0	7	0	0	req 912
911	:	1716432005.198	     0.371	0	7	0	0	req 911
910	:	1716432005.177	     0.412	0	7	0	0	req 910
913	:	1716432005.503	     0.194	0	7	0	0	req 913
914	:	1716432005.512	     0.197	0	7	0	0	req 914
915	:	1716432005.579	     0.237	0	7	0	0	req 915
916	:	1716432005.590	     0.732	0	7	0	0	req 916
918	:	1716432005.709	     1.029	0	7	0	0	req 918
919	:	1716432005.726	     1.414	0	7	0	0	req 919
917	:	1716432005.600	     1.562	0	7	0	0	req 917
920	:	1716432006.072	     1.588	0	7	0	0	req 920
922	:	1716432006.742	     0.971	0	7	0	0	req 922
921	:	1716432006.324	     1.392	0	7	0	0	req 921
923	:	1716432007.141	     0.644	0	7	0	0	req 923
924	:	1716432007.169	     0.628	0	7	0	0	req 924
925	:	1716432007.678	     0.189	0	7	0	0	req 925
926	:	1716432007.728	     0.259	0	7	0	0	req 926
927	:	1716432007.739	     0.429	0	7	0	0	req 927
928	:	1716432007.797	     0.414	0	7	0	0	req 928
929	:	1716432007.806	     0.444	0	7	0	0	req 929
930	:	1716432007.886	     0.374	0	7	0	0	req 930
931	:	1716432008.171	     0.170	0	7	0	0	req 931
932	:	1716432008.174	     0.195	0	7	0	0	req 932
933	:	1716432008.223	     0.191	0	7	0	0	req 933
934	:	1716432008.257	     0.292	0	7	0	0	req 934
935	:	1716432008.269	     0.282	0	7	0	0	req 935
936	:	1716432008.366	     0.251	0	7	0	0	req 936
937	:	1716432008.374	     0.279	0	7	0	0	req 937
938	:	1716432008.424	     0.239	0	7	0	0	req 938
939	:	1716432008.558	     0.211	0	7	0	0	req 939
940	:	1716432008.565	     0.243	0	7	0	0	req 940
941	:	1716432008.625	     0.301	0	7	0	0	req 941
943	:	1716432008.674	     0.292	0	7	0	0	req 943
942	:	1716432008.662	     0.351	0	7	0	0	req 942
944	:	1716432008.781	     0.298	0	7	0	0	req 944
945	:	1716432008.817	     0.291	0	7	0	0	req 945
946	:	1716432008.930	     0.224	0	7	0	0	req 946
947	:	1716432008.971	     0.238	0	7	0	0	req 947
948	:	1716432009.026	     0.211	0	7	0	0	req 948
951	:	1716432009.169	     0.452	0	7	0	0	req 951
949	:	1716432009.090	     0.555	0	7	0	0	req 949
950	:	1716432009.120	     0.526	0	7	0	0	req 950
952	:	1716432009.225	     0.462	0	7	0	0	req 952
953	:	1716432009.324	     0.381	0	7	0	0	req 953
954	:	1716432009.648	     0.953	0	7	0	0	req 954
955	:	1716432009.653	     0.994	0	7	0	0	req 955
956	:	1716432009.659	     0.993	0	7	0	0	req 956
958	:	1716432009.720	     0.963	0	7	0	0	req 958
957	:	1716432009.705	     0.996	0	7	0	0	req 957
959	:	1716432010.610	     0.236	0	7	0	0	req 959
961	:	1716432010.679	     0.440	0	7	0	0	req 961
960	:	1716432010.667	     0.461	0	7	0	0	req 960
962	:	1716432010.693	     0.480	0	7	0	0	req 962
963	:	1716432010.711	     0.470	0	7	0	0	req 963
964	:	1716432010.859	     0.322	0	7	0	0	req 964
965	:	1716432011.122	     0.133	0	7	0	0	req 965
966	:	1716432011.190	     0.348	0	7	0	0	req 966
967	:	1716432011.198	     0.350	0	7	0	0	req 967
968	:	1716432011.204	     0.385	0	7	0	0	req 968
970	:	1716432011.265	     0.329	0	7	0	0	req 970
969	:	1716432011.214	     0.394	0	7	0	0	req 969
971	:	1716432011.544	     0.157	0	7	0	0	req 971
972	:	1716432011.550	     0.213	0	7	0	0	req 972
974	:	1716432011.627	     0.332	0	7	0	0	req 974
973	:	1716432011.608	     0.362	0	7	0	0	req 973
975	:	1716432011.635	     0.351	0	7	0	0	req 975
976	:	1716432011.717	     0.321	0	7	0	0	req 976
977	:	1716432011.784	     0.256	0	7	0	0	req 977
978	:	1716432011.962	     0.267	0	7	0	0	req 978
979	:	1716432011.986	     0.335	0	7	0	0	req 979
980	:	1716432011.996	     0.351	0	7	0	0	req 980
982	:	1716432012.059	     0.355	0	7	0	0	req 982
981	:	1716432012.049	     0.377	0	7	0	0	req 981
983	:	1716432012.256	     0.207	0	7	0	0	req 983
984	:	1716432012.329	     0.226	0	7	0	0	req 984
985	:	1716432012.356	     0.363	0	7	0	0	req 985
986	:	1716432012.425	     0.447	0	7	0	0	req 986
987	:	1716432012.436	     0.442	0	7	0	0	req 987
988	:	1716432012.476	     0.425	0	7	0	0	req 988
989	:	1716432012.574	     0.350	0	7	0	0	req 989
990	:	1716432012.722	     0.232	0	7	0	0	req 990
991	:	1716432012.882	     0.214	0	7	0	0	req 991
992	:	1716432012.892	     0.462	0	7	0	0	req 992
993	:	1716432012.940	     0.448	0	7	0	0	req 993
994	:	1716432012.953	     0.442	0	7	0	0	req 994
995	:	1716432012.964	     0.433	0	7	0	0	req 995
996	:	1716432013.108	     0.309	0	7	0	0	req 996
997	:	1716432013.358	     0.205	0	7	0	0	req 997
998	:	1716432013.395	     0.276	0	7	0	0	req 998
999	:	1716432013.404	     0.300	0	7	0	0	req 999
1001	:	1716432013.438	     0.294	0	7	0	0	req 1001
1000	:	1716432013.416	     0.332	0	7	0	0	req 1000
